Running: C:\Xilinx\14.7\ISE_DS\ISE\bin\nt64\unwrapped\fuse.exe -intstyle ise -incremental -lib secureip -o C:/Users/Prarthit/Desktop/sem3/xilin/labproj2/lab2_port_switch_isim_beh.exe -prj C:/Users/Prarthit/Desktop/sem3/xilin/labproj2/lab2_port_switch_beh.prj work.lab2_port_switch 
ISim P.20131013 (signature 0x7708f090)
Number of CPUs detected in this system: 4
Turning on mult-threading, number of parallel sub-compilation jobs: 8 
Determining compilation order of HDL files
Parsing VHDL file "C:/Users/Prarthit/Desktop/sem3/xilin/labproj2/prioritencoder.vhf" into library work
Parsing VHDL file "C:/Users/Prarthit/Desktop/sem3/xilin/labproj2/decoder.vhf" into library work
Parsing VHDL file "C:/Users/Prarthit/Desktop/sem3/xilin/labproj2/lab2_port_switch.vhf" into library work
Starting static elaboration
Completed static elaboration
Compiling package standard
Compiling package std_logic_1164
Compiling package numeric_std
Compiling package vcomponents
Compiling architecture inv_v of entity INV [inv_default]
Compiling architecture and2_v of entity AND2 [and2_default]
Compiling architecture behavioral of entity prioritencoder_MUSER_lab2_port_switch [prioritencoder_muser_lab2_port_s...]
Compiling architecture and3_v of entity AND3 [and3_default]
Compiling architecture behavioral of entity decoder_MUSER_lab2_port_switch [decoder_muser_lab2_port_switch_d...]
Compiling architecture or3_v of entity OR3 [or3_default]
Compiling architecture behavioral of entity test2_MUSER_lab2_port_switch [test2_muser_lab2_port_switch_def...]
Compiling architecture behavioral of entity lab2_port_switch
Time Resolution for simulation is 1ps.
Waiting for 4 sub-compilation(s) to finish...
WARNING:Simulator - Unable to copy libPortabilityNOSH.dll to the simulation executable directory: boost::filesystem::copy_file: The system cannot find the path specified, "isim\lab2_port_switch_isim_beh.exe.sim\libPortability.dll".
Compiled 19 VHDL Units
Built simulation executable C:/Users/Prarthit/Desktop/sem3/xilin/labproj2/lab2_port_switch_isim_beh.exe
Fuse Memory Usage: 49008 KB
Fuse CPU Usage: 515 ms
