ISim log file
Running: C:\Users\Prarthit\Desktop\sem3\xilin\labproj2\lab2_port_switch_isim_beh.exe -intstyle ise -gui -tclbatch isim.cmd -wdb C:/Users/Prarthit/Desktop/sem3/xilin/labproj2/lab2_port_switch_isim_beh.wdb 
ISim P.20131013 (signature 0x7708f090)
This is a Full version of ISim.
Time resolution is 1 ps
# onerror resume
# wave add /
# run 1000 ns
Simulator is doing circuit initialization process.
Finished circuit initialization process.
# show driver /lab2_port_switch/dest0
/lab2_port_switch/dest0 has no drivers.
# isim force add /lab2_port_switch/dest0 00 -radix bin
# isim force add /lab2_port_switch/dest1 00 -radix bin
# isim force add /lab2_port_switch/dest2 00 -radix bin
# isim force add /lab2_port_switch/din0 0 -radix bin
# isim force add /lab2_port_switch/din1 0 -radix bin
# isim force add /lab2_port_switch/din2 0 -radix bin
# isim force add /lab2_port_switch/req0 0 -radix bin
# isim force add /lab2_port_switch/req1 0 -radix bin
# isim force add /lab2_port_switch/req2 0 -radix bin
# run all
# isim force add /lab2_port_switch/req1 1 -radix bin
# isim force add /lab2_port_switch/dest1 10 -radix bin
# run all
# isim force add /lab2_port_switch/dest1 01 -radix bin
# isim force add /lab2_port_switch/din1 1 -radix bin
# run all
