Release 14.7 - xst P.20131013 (nt64)
Copyright (c) 1995-2013 Xilinx, Inc.  All rights reserved.
--> Parameter TMPDIR set to xst/projnav.tmp


Total REAL time to Xst completion: 0.00 secs
Total CPU time to Xst completion: 0.07 secs
 
--> Parameter xsthdpdir set to xst


Total REAL time to Xst completion: 0.00 secs
Total CPU time to Xst completion: 0.07 secs
 
--> Reading design: lab2_port_switch.prj

TABLE OF CONTENTS
  1) Synthesis Options Summary
  2) HDL Parsing
  3) HDL Elaboration
  4) HDL Synthesis
       4.1) HDL Synthesis Report
  5) Advanced HDL Synthesis
       5.1) Advanced HDL Synthesis Report
  6) Low Level Synthesis
  7) Partition Report
  8) Design Summary
       8.1) Primitive and Black Box Usage
       8.2) Device utilization summary
       8.3) Partition Resource Summary
       8.4) Timing Report
            8.4.1) Clock Information
            8.4.2) Asynchronous Control Signals Information
            8.4.3) Timing Summary
            8.4.4) Timing Details
            8.4.5) Cross Clock Domains Report


=========================================================================
*                      Synthesis Options Summary                        *
=========================================================================
---- Source Parameters
Input File Name                    : "lab2_port_switch.prj"
Ignore Synthesis Constraint File   : NO

---- Target Parameters
Output File Name                   : "lab2_port_switch"
Output Format                      : NGC
Target Device                      : xc7a200t-3-fbg484

---- Source Options
Top Module Name                    : lab2_port_switch
Automatic FSM Extraction           : YES
FSM Encoding Algorithm             : Auto
Safe Implementation                : No
FSM Style                          : LUT
RAM Extraction                     : Yes
RAM Style                          : Auto
ROM Extraction                     : Yes
Shift Register Extraction          : YES
ROM Style                          : Auto
Resource Sharing                   : YES
Asynchronous To Synchronous        : NO
Shift Register Minimum Size        : 2
Use DSP Block                      : Auto
Automatic Register Balancing       : No

---- Target Options
LUT Combining                      : Auto
Reduce Control Sets                : Auto
Add IO Buffers                     : YES
Global Maximum Fanout              : 100000
Add Generic Clock Buffer(BUFG)     : 32
Register Duplication               : YES
Optimize Instantiated Primitives   : NO
Use Clock Enable                   : Auto
Use Synchronous Set                : Auto
Use Synchronous Reset              : Auto
Pack IO Registers into IOBs        : Auto
Equivalent register Removal        : YES

---- General Options
Optimization Goal                  : Speed
Optimization Effort                : 1
Power Reduction                    : NO
Keep Hierarchy                     : No
Netlist Hierarchy                  : As_Optimized
RTL Output                         : Yes
Global Optimization                : AllClockNets
Read Cores                         : YES
Write Timing Constraints           : NO
Cross Clock Analysis               : NO
Hierarchy Separator                : /
Bus Delimiter                      : <>
Case Specifier                     : Maintain
Slice Utilization Ratio            : 100
BRAM Utilization Ratio             : 100
DSP48 Utilization Ratio            : 100
Auto BRAM Packing                  : NO
Slice Utilization Ratio Delta      : 5

=========================================================================


=========================================================================
*                          HDL Parsing                                  *
=========================================================================
Parsing VHDL file "C:\Users\Prarthit\Desktop\sem3\xilin\labproj2\prioritencoder.vhf" into library work
Parsing entity <prioritencoder>.
Parsing architecture <BEHAVIORAL> of entity <prioritencoder>.
Parsing VHDL file "C:\Users\Prarthit\Desktop\sem3\xilin\labproj2\multiplexer.vhf" into library work
Parsing entity <multiplexer>.
Parsing architecture <BEHAVIORAL> of entity <multiplexer>.
Parsing VHDL file "C:\Users\Prarthit\Desktop\sem3\xilin\labproj2\decoder.vhf" into library work
Parsing entity <decoder>.
Parsing architecture <BEHAVIORAL> of entity <decoder>.
Parsing VHDL file "C:\Users\Prarthit\Desktop\sem3\xilin\labproj2\lab2_port_switch.vhf" into library work
Parsing entity <decoder_MUSER_lab2_port_switch>.
Parsing architecture <BEHAVIORAL> of entity <decoder_muser_lab2_port_switch>.
Parsing entity <multiplexer_MUSER_lab2_port_switch>.
Parsing architecture <BEHAVIORAL> of entity <multiplexer_muser_lab2_port_switch>.
Parsing entity <prioritencoder_MUSER_lab2_port_switch>.
Parsing architecture <BEHAVIORAL> of entity <prioritencoder_muser_lab2_port_switch>.
Parsing entity <lab2_port_switch>.
Parsing architecture <BEHAVIORAL> of entity <lab2_port_switch>.

=========================================================================
*                            HDL Elaboration                            *
=========================================================================

Elaborating entity <lab2_port_switch> (architecture <BEHAVIORAL>) from library <work>.

Elaborating entity <prioritencoder_MUSER_lab2_port_switch> (architecture <BEHAVIORAL>) from library <work>.

Elaborating entity <decoder_MUSER_lab2_port_switch> (architecture <BEHAVIORAL>) from library <work>.

Elaborating entity <multiplexer_MUSER_lab2_port_switch> (architecture <BEHAVIORAL>) from library <work>.

=========================================================================
*                           HDL Synthesis                               *
=========================================================================

Synthesizing Unit <lab2_port_switch>.
    Related source file is "C:\Users\Prarthit\Desktop\sem3\xilin\labproj2\lab2_port_switch.vhf".
    Summary:
	no macro.
Unit <lab2_port_switch> synthesized.

Synthesizing Unit <prioritencoder_MUSER_lab2_port_switch>.
    Related source file is "C:\Users\Prarthit\Desktop\sem3\xilin\labproj2\lab2_port_switch.vhf".
    Summary:
	no macro.
Unit <prioritencoder_MUSER_lab2_port_switch> synthesized.

Synthesizing Unit <decoder_MUSER_lab2_port_switch>.
    Related source file is "C:\Users\Prarthit\Desktop\sem3\xilin\labproj2\lab2_port_switch.vhf".
    Summary:
	no macro.
Unit <decoder_MUSER_lab2_port_switch> synthesized.

Synthesizing Unit <multiplexer_MUSER_lab2_port_switch>.
    Related source file is "C:\Users\Prarthit\Desktop\sem3\xilin\labproj2\lab2_port_switch.vhf".
    Summary:
	no macro.
Unit <multiplexer_MUSER_lab2_port_switch> synthesized.

=========================================================================
HDL Synthesis Report

Found no macro
=========================================================================

=========================================================================
*                       Advanced HDL Synthesis                          *
=========================================================================


=========================================================================
Advanced HDL Synthesis Report

Found no macro
=========================================================================

=========================================================================
*                         Low Level Synthesis                           *
=========================================================================

Optimizing unit <lab2_port_switch> ...

Optimizing unit <multiplexer_MUSER_lab2_port_switch> ...

Mapping all equations...
Building and optimizing final netlist ...
Found area constraint ratio of 100 (+ 5) on block lab2_port_switch, actual ratio is 0.

Final Macro Processing ...

=========================================================================
Final Register Report

Found no macro
=========================================================================

=========================================================================
*                           Partition Report                            *
=========================================================================

Partition Implementation Status
-------------------------------

  No Partitions were found in this design.

-------------------------------

=========================================================================
*                            Design Summary                             *
=========================================================================

Top Level Output File Name         : lab2_port_switch.ngc

Primitive and Black Box Usage:
------------------------------
# BELS                             : 49
#      AND2                        : 9
#      AND3                        : 15
#      INV                         : 21
#      OR3                         : 4
# IO Buffers                       : 20
#      IBUF                        : 12
#      OBUF                        : 8

Device utilization summary:
---------------------------

Selected Device : 7a200tfbg484-3 


Slice Logic Utilization: 
 Number of Slice LUTs:                   21  out of  134600     0%  
    Number used as Logic:                21  out of  134600     0%  

Slice Logic Distribution: 
 Number of LUT Flip Flop pairs used:     21
   Number with an unused Flip Flop:      21  out of     21   100%  
   Number with an unused LUT:             0  out of     21     0%  
   Number of fully used LUT-FF pairs:     0  out of     21     0%  
   Number of unique control sets:         0

IO Utilization: 
 Number of IOs:                          20
 Number of bonded IOBs:                  20  out of    285     7%  

Specific Feature Utilization:

---------------------------
Partition Resource Summary:
---------------------------

  No Partitions were found in this design.

---------------------------


=========================================================================
Timing Report

NOTE: THESE TIMING NUMBERS ARE ONLY A SYNTHESIS ESTIMATE.
      FOR ACCURATE TIMING INFORMATION PLEASE REFER TO THE TRACE REPORT
      GENERATED AFTER PLACE-and-ROUTE.

Clock Information:
------------------
No clock signals found in this design

Asynchronous Control Signals Information:
----------------------------------------
No asynchronous control signals found in this design

Timing Summary:
---------------
Speed Grade: -3

   Minimum period: No path found
   Minimum input arrival time before clock: No path found
   Maximum output required time after clock: No path found
   Maximum combinational path delay: 8.259ns

Timing Details:
---------------
All values displayed in nanoseconds (ns)

=========================================================================
Timing constraint: Default path analysis
  Total number of paths / destination ports: 351 / 8
-------------------------------------------------------------------------
Delay:               8.259ns (Levels of Logic = 12)
  Source:            req2 (PAD)
  Destination:       dout0 (PAD)

  Data Path: req2 to dout0
                                Gate     Net
    Cell:in->out      fanout   Delay   Delay  Logical Name (Net Name)
    ----------------------------------------  ------------
     IBUF:I->O             3   0.001   0.289  req2_IBUF (req2_IBUF)
     INV:I->O              1   0.511   0.683  XLXI_1/XLXI_5 (XLXI_1/XLXN_8)
     AND2:I1->O            1   0.107   0.693  XLXI_1/XLXI_11 (XLXI_1/XLXN_10)
     AND2:I0->O           13   0.097   0.335  XLXI_1/XLXI_6 (src_0_OBUF)
     INV:I->O              1   0.511   0.556  XLXI_4/XLXI_6 (XLXI_4/XLXN_20)
     AND3:I2->O            1   0.234   0.556  XLXI_4/XLXI_1 (XLXI_4/XLXN_16)
     OR3:I2->O             1   0.234   0.683  XLXI_4/XLXI_5 (XLXI_4/XLXN_24)
     AND2:I1->O            3   0.107   0.289  XLXI_4/XLXI_4 (XLXN_43)
     INV:I->O              1   0.511   0.683  XLXI_8/XLXI_6 (XLXI_8/XLXN_9)
     AND3:I1->O            1   0.107   0.683  XLXI_8/XLXI_2 (XLXN_47)
     AND2:I1->O            1   0.107   0.279  XLXI_10 (dout1_OBUF)
     OBUF:I->O                 0.000          dout1_OBUF (dout1)
    ----------------------------------------
    Total                      8.259ns (2.527ns logic, 5.732ns route)
                                       (30.6% logic, 69.4% route)

=========================================================================

Cross Clock Domains Report:
--------------------------

=========================================================================


Total REAL time to Xst completion: 8.00 secs
Total CPU time to Xst completion: 7.67 secs
 
--> 

Total memory usage is 425468 kilobytes

Number of errors   :    0 (   0 filtered)
Number of warnings :    0 (   0 filtered)
Number of infos    :    0 (   0 filtered)

