Running: C:\Xilinx\14.7\ISE_DS\ISE\bin\nt64\unwrapped\fuse.exe -intstyle ise -incremental -lib secureip -o C:/Users/Prarthit/Desktop/sem3/xilin/labp4/e_isim_beh.exe -prj C:/Users/Prarthit/Desktop/sem3/xilin/labp4/e_beh.prj work.e 
ISim P.20131013 (signature 0x7708f090)
Number of CPUs detected in this system: 4
Turning on mult-threading, number of parallel sub-compilation jobs: 8 
Determining compilation order of HDL files
Parsing VHDL file "C:/Users/Prarthit/Desktop/sem3/xilin/labp4/e.vhf" into library work
Starting static elaboration
Completed static elaboration
Compiling package standard
Compiling package std_logic_1164
Compiling package numeric_std
Compiling package vcomponents
Compiling architecture and3_v of entity AND3 [and3_default]
Compiling architecture or3_v of entity OR3 [or3_default]
Compiling architecture inv_v of entity INV [inv_default]
Compiling architecture and2_v of entity AND2 [and2_default]
Compiling architecture behavioral of entity e
Time Resolution for simulation is 1ps.
Waiting for 1 sub-compilation(s) to finish...
WARNING:Simulator - Unable to copy libPortabilityNOSH.dll to the simulation executable directory: boost::filesystem::copy_file: The system cannot find the path specified, "isim\e_isim_beh.exe.sim\libPortability.dll".
Compiled 13 VHDL Units
Built simulation executable C:/Users/Prarthit/Desktop/sem3/xilin/labp4/e_isim_beh.exe
Fuse Memory Usage: 48868 KB
Fuse CPU Usage: 624 ms
